<?xml version="1.0" encoding="UTF-8"?>
<testsuite name="com.shapes.SquareTest" tests="1" skipped="0" failures="0" errors="0" timestamp="2021-11-12T10:37:45" hostname="Prajaktas-MacBook-Pro.local" time="0.026">
  <properties/>
  <testcase name="calculateSquarePerimeter()" classname="com.shapes.SquareTest" time="0.026"/>
  <system-out><![CDATA[]]></system-out>
  <system-err><![CDATA[]]></system-err>
</testsuite>
