<?xml version="1.0" encoding="UTF-8"?>
<testsuite name="AreaRectangleTest" tests="1" skipped="0" failures="0" errors="0" timestamp="2021-11-12T05:28:58" hostname="Likinas-MacBook-Pro.local" time="0.016">
  <properties/>
  <testcase name="calculateRectangleArea()" classname="AreaRectangleTest" time="0.016"/>
  <system-out><![CDATA[]]></system-out>
  <system-err><![CDATA[]]></system-err>
</testsuite>
